INFO:scrapy.utils.log:Scrapy 1.8.0 started (bot: bus)
INFO:scrapy.utils.log:Versions: lxml 4.4.2.0, libxml2 2.9.5, cssselect 1.1.0, parsel 1.5.2, w3lib 1.21.0, Twisted 19.10.0, Python 3.7.4 (tags/v3.7.4:e09359112e, Jul  8 2019, 19:29:22) [MSC v.1916 32 bit (Intel)], pyOpenSSL 19.1.0 (OpenSSL 1.1.1d  10 Sep 2019), cryptography 2.8, Platform Windows-10-10.0.18362-SP0
INFO:scrapy.crawler:Overridden settings: {'BOT_NAME': 'bus', 'FEED_FORMAT': 'json', 'FEED_URI': 'horario.json', 'LOG_LEVEL': 'WARNING', 'NEWSPIDER_MODULE': 'bus.spiders', 'ROBOTSTXT_OBEY': True, 'SPIDER_MODULES': ['bus.spiders']}
INFO:scrapy.extensions.telnet:Telnet Password: 8283a20866c6df04
INFO:scrapy.middleware:Enabled extensions:
['scrapy.extensions.corestats.CoreStats',
 'scrapy.extensions.telnet.TelnetConsole',
 'scrapy.extensions.feedexport.FeedExporter',
 'scrapy.extensions.logstats.LogStats']
INFO:scrapy.middleware:Enabled downloader middlewares:
['scrapy.downloadermiddlewares.robotstxt.RobotsTxtMiddleware',
 'scrapy.downloadermiddlewares.httpauth.HttpAuthMiddleware',
 'scrapy.downloadermiddlewares.downloadtimeout.DownloadTimeoutMiddleware',
 'scrapy.downloadermiddlewares.defaultheaders.DefaultHeadersMiddleware',
 'scrapy.downloadermiddlewares.useragent.UserAgentMiddleware',
 'scrapy.downloadermiddlewares.retry.RetryMiddleware',
 'scrapy.downloadermiddlewares.redirect.MetaRefreshMiddleware',
 'scrapy.downloadermiddlewares.httpcompression.HttpCompressionMiddleware',
 'scrapy.downloadermiddlewares.redirect.RedirectMiddleware',
 'scrapy.downloadermiddlewares.cookies.CookiesMiddleware',
 'scrapy.downloadermiddlewares.httpproxy.HttpProxyMiddleware',
 'scrapy.downloadermiddlewares.stats.DownloaderStats']
INFO:scrapy.middleware:Enabled spider middlewares:
['scrapy.spidermiddlewares.httperror.HttpErrorMiddleware',
 'scrapy.spidermiddlewares.offsite.OffsiteMiddleware',
 'scrapy.spidermiddlewares.referer.RefererMiddleware',
 'scrapy.spidermiddlewares.urllength.UrlLengthMiddleware',
 'scrapy.spidermiddlewares.depth.DepthMiddleware']
INFO:scrapy.middleware:Enabled item pipelines:
[]
INFO:scrapy.core.engine:Spider opened
INFO:scrapy.extensions.logstats:Crawled 0 pages (at 0 pages/min), scraped 0 items (at 0 items/min)
INFO:scrapy.extensions.telnet:Telnet console listening on 127.0.0.1:6023
DEBUG:scrapy.core.engine:Crawled (200) <GET http://m.rmtcgoiania.com.br/robots.txt> (referer: None)
DEBUG:scrapy.core.engine:Crawled (200) <GET http://m.rmtcgoiania.com.br> (referer: None)
DEBUG:scrapy.core.engine:Crawled (200) <GET http://m.rmtcgoiania.com.br/horariodeviagem> (referer: http://m.rmtcgoiania.com.br)
DEBUG:scrapy.core.engine:Crawled (200) <GET http://m.rmtcgoiania.com.br/horariodeviagem/visualizar/ponto/1508/linha/019> (referer: http://m.rmtcgoiania.com.br/horariodeviagem)
WARNING:root:{'datahora_consulta': datetime.datetime(2020, 1, 8, 14, 12, 42, 627033), '1508': [{'011': {'destino': 'T PRACA A', 'proximo': '21', 'seguinte': '46'}}, {'017': {'destino': 'RODOVIARIA', 'proximo': '8', 'seguinte': ''}}, {'019': {'destino': 'T BIBLIA', 'proximo': '10', 'seguinte': '50'}}, {'277': {'destino': 'RODOVIARIA', 'proximo': '50', 'seguinte': ''}}]}
DEBUG:scrapy.core.scraper:Scraped from <200 http://m.rmtcgoiania.com.br/horariodeviagem/visualizar/ponto/1508/linha/019>
{'datahora_consulta': datetime.datetime(2020, 1, 8, 14, 12, 42, 627033), '1508': [{'011': {'destino': 'T PRACA A', 'proximo': '21', 'seguinte': '46'}}, {'017': {'destino': 'RODOVIARIA', 'proximo': '8', 'seguinte': ''}}, {'019': {'destino': 'T BIBLIA', 'proximo': '10', 'seguinte': '50'}}, {'277': {'destino': 'RODOVIARIA', 'proximo': '50', 'seguinte': ''}}]}
INFO:scrapy.core.engine:Closing spider (finished)
INFO:scrapy.extensions.feedexport:Stored json feed (1 items) in: horario.json
INFO:scrapy.statscollectors:Dumping Scrapy stats:
{'downloader/request_bytes': 1226,
 'downloader/request_count': 4,
 'downloader/request_method_count/GET': 4,
 'downloader/response_bytes': 9493,
 'downloader/response_count': 4,
 'downloader/response_status_count/200': 4,
 'elapsed_time_seconds': 1.610106,
 'finish_reason': 'finished',
 'finish_time': datetime.datetime(2020, 1, 8, 17, 12, 42, 636043),
 'item_scraped_count': 1,
 'log_count/WARNING': 1,
 'request_depth_max': 2,
 'response_received_count': 4,
 'robotstxt/request_count': 1,
 'robotstxt/response_count': 1,
 'robotstxt/response_status_count/200': 1,
 'scheduler/dequeued': 3,
 'scheduler/dequeued/memory': 3,
 'scheduler/enqueued': 3,
 'scheduler/enqueued/memory': 3,
 'start_time': datetime.datetime(2020, 1, 8, 17, 12, 41, 25937)}
INFO:scrapy.core.engine:Spider closed (finished)
INFO:scrapy.utils.log:Scrapy 1.8.0 started (bot: bus)
INFO:scrapy.utils.log:Versions: lxml 4.4.2.0, libxml2 2.9.5, cssselect 1.1.0, parsel 1.5.2, w3lib 1.21.0, Twisted 19.10.0, Python 3.7.4 (tags/v3.7.4:e09359112e, Jul  8 2019, 19:29:22) [MSC v.1916 32 bit (Intel)], pyOpenSSL 19.1.0 (OpenSSL 1.1.1d  10 Sep 2019), cryptography 2.8, Platform Windows-10-10.0.18362-SP0
INFO:scrapy.crawler:Overridden settings: {'BOT_NAME': 'bus', 'FEED_FORMAT': 'json', 'FEED_URI': 'horario.json', 'NEWSPIDER_MODULE': 'bus.spiders', 'ROBOTSTXT_OBEY': True, 'SPIDER_MODULES': ['bus.spiders']}
INFO:scrapy.extensions.telnet:Telnet Password: 6e43ed66bc7828b0
INFO:scrapy.middleware:Enabled extensions:
['scrapy.extensions.corestats.CoreStats',
 'scrapy.extensions.telnet.TelnetConsole',
 'scrapy.extensions.feedexport.FeedExporter',
 'scrapy.extensions.logstats.LogStats']
INFO:scrapy.middleware:Enabled downloader middlewares:
['scrapy.downloadermiddlewares.robotstxt.RobotsTxtMiddleware',
 'scrapy.downloadermiddlewares.httpauth.HttpAuthMiddleware',
 'scrapy.downloadermiddlewares.downloadtimeout.DownloadTimeoutMiddleware',
 'scrapy.downloadermiddlewares.defaultheaders.DefaultHeadersMiddleware',
 'scrapy.downloadermiddlewares.useragent.UserAgentMiddleware',
 'scrapy.downloadermiddlewares.retry.RetryMiddleware',
 'scrapy.downloadermiddlewares.redirect.MetaRefreshMiddleware',
 'scrapy.downloadermiddlewares.httpcompression.HttpCompressionMiddleware',
 'scrapy.downloadermiddlewares.redirect.RedirectMiddleware',
 'scrapy.downloadermiddlewares.cookies.CookiesMiddleware',
 'scrapy.downloadermiddlewares.httpproxy.HttpProxyMiddleware',
 'scrapy.downloadermiddlewares.stats.DownloaderStats']
INFO:scrapy.middleware:Enabled spider middlewares:
['scrapy.spidermiddlewares.httperror.HttpErrorMiddleware',
 'scrapy.spidermiddlewares.offsite.OffsiteMiddleware',
 'scrapy.spidermiddlewares.referer.RefererMiddleware',
 'scrapy.spidermiddlewares.urllength.UrlLengthMiddleware',
 'scrapy.spidermiddlewares.depth.DepthMiddleware']
INFO:scrapy.middleware:Enabled item pipelines:
[]
INFO:scrapy.core.engine:Spider opened
INFO:scrapy.extensions.logstats:Crawled 0 pages (at 0 pages/min), scraped 0 items (at 0 items/min)
INFO:scrapy.extensions.telnet:Telnet console listening on 127.0.0.1:6023
DEBUG:scrapy.core.engine:Crawled (200) <GET http://m.rmtcgoiania.com.br/robots.txt> (referer: None)
DEBUG:scrapy.core.engine:Crawled (200) <GET http://m.rmtcgoiania.com.br> (referer: None)
DEBUG:scrapy.core.engine:Crawled (200) <GET http://m.rmtcgoiania.com.br/horariodeviagem> (referer: http://m.rmtcgoiania.com.br)
DEBUG:scrapy.core.engine:Crawled (200) <GET http://m.rmtcgoiania.com.br/horariodeviagem/visualizar/ponto/1508/linha/019> (referer: http://m.rmtcgoiania.com.br/horariodeviagem)
WARNING:root:{'datahora_consulta': datetime.datetime(2020, 1, 8, 14, 12, 53, 930854), '1508': [{'011': {'destino': 'T PRACA A', 'proximo': '20', 'seguinte': '45'}}, {'017': {'destino': 'RODOVIARIA', 'proximo': '8', 'seguinte': ''}}, {'019': {'destino': 'T BIBLIA', 'proximo': '10', 'seguinte': '50'}}, {'277': {'destino': 'RODOVIARIA', 'proximo': '50', 'seguinte': ''}}]}
DEBUG:scrapy.core.scraper:Scraped from <200 http://m.rmtcgoiania.com.br/horariodeviagem/visualizar/ponto/1508/linha/019>
{'datahora_consulta': datetime.datetime(2020, 1, 8, 14, 12, 53, 930854), '1508': [{'011': {'destino': 'T PRACA A', 'proximo': '20', 'seguinte': '45'}}, {'017': {'destino': 'RODOVIARIA', 'proximo': '8', 'seguinte': ''}}, {'019': {'destino': 'T BIBLIA', 'proximo': '10', 'seguinte': '50'}}, {'277': {'destino': 'RODOVIARIA', 'proximo': '50', 'seguinte': ''}}]}
INFO:scrapy.core.engine:Closing spider (finished)
INFO:scrapy.extensions.feedexport:Stored json feed (1 items) in: horario.json
INFO:scrapy.statscollectors:Dumping Scrapy stats:
{'downloader/request_bytes': 1226,
 'downloader/request_count': 4,
 'downloader/request_method_count/GET': 4,
 'downloader/response_bytes': 9510,
 'downloader/response_count': 4,
 'downloader/response_status_count/200': 4,
 'elapsed_time_seconds': 1.605261,
 'finish_reason': 'finished',
 'finish_time': datetime.datetime(2020, 1, 8, 17, 12, 53, 946814),
 'item_scraped_count': 1,
 'log_count/DEBUG': 5,
 'log_count/INFO': 11,
 'log_count/WARNING': 1,
 'request_depth_max': 2,
 'response_received_count': 4,
 'robotstxt/request_count': 1,
 'robotstxt/response_count': 1,
 'robotstxt/response_status_count/200': 1,
 'scheduler/dequeued': 3,
 'scheduler/dequeued/memory': 3,
 'scheduler/enqueued': 3,
 'scheduler/enqueued/memory': 3,
 'start_time': datetime.datetime(2020, 1, 8, 17, 12, 52, 341553)}
INFO:scrapy.core.engine:Spider closed (finished)
